# JRE version: OpenJDK Runtime Environment Temurin-21.0.10+7 (21.0.10+7) (build 21.0.10+7-LTS)
# Java VM: OpenJDK 64-Bit Server VM Temurin-21.0.10+7 (21.0.10+7-LTS, mixed mode, sharing, tiered, compressed oops, compressed class ptrs, parallel gc, windows-amd64)
GC Precious Log:
 CardTable entry size: 512
 CPUs: 12 total, 12 available
 Memory: 16068M
 Large Page Support: Disabled
 NUMA Support: Disabled
 Compressed Oops: Enabled (32-bit)
 Alignments: Space 512K, Generation 512K, Heap 2M
 Heap Min Capacity: 100M
 Heap Initial Capacity: 100M
 Heap Max Capacity: 2G
 Pre-touch: Disabled
 Parallel Workers: 10
Heap:
 PSYoungGen      total 2048K, used 1906K [0x00000000d5580000, 0x00000000d5a80000, 0x0000000100000000)
  eden space 1536K, 92% used [0x00000000d5580000,0x00000000d56e4400,0x00000000d5700000)
  from space 512K, 94% used [0x00000000d5a00000,0x00000000d5a78568,0x00000000d5a80000)
  to   space 1024K, 0% used [0x00000000d5880000,0x00000000d5880000,0x00000000d5980000)
 ParOldGen       total 1142784K, used 1142589K [0x0000000080000000, 0x00000000c5c00000, 0x00000000d5580000)
  object space 1142784K, 99% used [0x0000000080000000,0x00000000c5bcf520,0x00000000c5c00000)
 Metaspace       used 98466K, committed 100352K, reserved 1179648K
  class space    used 11472K, committed 12352K, reserved 1048576K
GC Heap History (20 events):
Event: 17340.015 GC heap before
{Heap before GC invocations=7675 (full 6):
 PSYoungGen      total 2048K, used 1872K [0x00000000d5580000, 0x00000000d5a80000, 0x0000000100000000)
  eden space 1536K, 100% used [0x00000000d5580000,0x00000000d5700000,0x00000000d5700000)
  from space 512K, 65% used [0x00000000d5a00000,0x00000000d5a54010,0x00000000d5a80000)
  to   space 512K, 0% used [0x00000000d5980000,0x00000000d5980000,0x00000000d5a00000)
 ParOldGen       total 1142272K, used 1141857K [0x0000000080000000, 0x00000000c5b80000, 0x00000000d5580000)
  object space 1142272K, 99% used [0x0000000080000000,0x00000000c5b187a0,0x00000000c5b80000)
 Metaspace       used 98400K, committed 100288K, reserved 1179648K
  class space    used 11472K, committed 12352K, reserved 1048576K
}
Event: 17340.020 GC heap after
{Heap after GC invocations=7675 (full 6):
 PSYoungGen      total 2048K, used 160K [0x00000000d5580000, 0x00000000d5a80000, 0x0000000100000000)
  eden space 1536K, 0% used [0x00000000d5580000,0x00000000d5580000,0x00000000d5700000)
  from space 512K, 31% used [0x00000000d5980000,0x00000000d59a8000,0x00000000d5a00000)
  to   space 512K, 0% used [0x00000000d5a00000,0x00000000d5a00000,0x00000000d5a80000)
 ParOldGen       total 1142272K, used 1141897K [0x0000000080000000, 0x00000000c5b80000, 0x00000000d5580000)
  object space 1142272K, 99% used [0x0000000080000000,0x00000000c5b227a0,0x00000000c5b80000)
 Metaspace       used 98400K, committed 100288K, reserved 1179648K
  class space    used 11472K, committed 12352K, reserved 1048576K
}
Event: 17346.192 GC heap before
{Heap before GC invocations=7676 (full 6):
 PSYoungGen      total 2048K, used 1696K [0x00000000d5580000, 0x00000000d5a80000, 0x0000000100000000)
  eden space 1536K, 100% used [0x00000000d5580000,0x00000000d5700000,0x00000000d5700000)
  from space 512K, 31% used [0x00000000d5980000,0x00000000d59a8000,0x00000000d5a00000)
  to   space 512K, 0% used [0x00000000d5a00000,0x00000000d5a00000,0x00000000d5a80000)
 ParOldGen       total 1142272K, used 1141897K [0x0000000080000000, 0x00000000c5b80000, 0x00000000d5580000)
  object space 1142272K, 99% used [0x0000000080000000,0x00000000c5b227a0,0x00000000c5b80000)
 Metaspace       used 98408K, committed 100288K, reserved 1179648K
  class space    used 11472K, committed 12352K, reserved 1048576K
}
Event: 17346.214 GC heap after
{Heap after GC invocations=7676 (full 6):
 PSYoungGen      total 2048K, used 304K [0x00000000d5580000, 0x00000000d5a80000, 0x0000000100000000)
  eden space 1536K, 0% used [0x00000000d5580000,0x00000000d5580000,0x00000000d5700000)
  from space 512K, 59% used [0x00000000d5a00000,0x00000000d5a4c010,0x00000000d5a80000)
  to   space 512K, 0% used [0x00000000d5980000,0x00000000d5980000,0x00000000d5a00000)
 ParOldGen       total 1142272K, used 1141921K [0x0000000080000000, 0x00000000c5b80000, 0x00000000d5580000)
  object space 1142272K, 99% used [0x0000000080000000,0x00000000c5b287a0,0x00000000c5b80000)
 Metaspace       used 98408K, committed 100288K, reserved 1179648K
  class space    used 11472K, committed 12352K, reserved 1048576K
}
Event: 17346.228 GC heap before
{Heap before GC invocations=7677 (full 6):
 PSYoungGen      total 2048K, used 1840K [0x00000000d5580000, 0x00000000d5a80000, 0x0000000100000000)
  eden space 1536K, 100% used [0x00000000d5580000,0x00000000d5700000,0x00000000d5700000)
  from space 512K, 59% used [0x00000000d5a00000,0x00000000d5a4c010,0x00000000d5a80000)
  to   space 512K, 0% used [0x00000000d5980000,0x00000000d5980000,0x00000000d5a00000)
 ParOldGen       total 1142272K, used 1141921K [0x0000000080000000, 0x00000000c5b80000, 0x00000000d5580000)
  object space 1142272K, 99% used [0x0000000080000000,0x00000000c5b287a0,0x00000000c5b80000)
 Metaspace       used 98409K, committed 100288K, reserved 1179648K
  class space    used 11472K, committed 12352K, reserved 1048576K
}
Event: 17346.234 GC heap after
{Heap after GC invocations=7677 (full 6):
 PSYoungGen      total 2048K, used 484K [0x00000000d5580000, 0x00000000d5a80000, 0x0000000100000000)
  eden space 1536K, 0% used [0x00000000d5580000,0x00000000d5580000,0x00000000d5700000)
  from space 512K, 94% used [0x00000000d5980000,0x00000000d59f9028,0x00000000d5a00000)
  to   space 512K, 0% used [0x00000000d5a00000,0x00000000d5a00000,0x00000000d5a80000)
 ParOldGen       total 1142272K, used 1142095K [0x0000000080000000, 0x00000000c5b80000, 0x00000000d5580000)
  object space 1142272K, 99% used [0x0000000080000000,0x00000000c5b53f10,0x00000000c5b80000)
 Metaspace       used 98409K, committed 100288K, reserved 1179648K
  class space    used 11472K, committed 12352K, reserved 1048576K
}
Event: 17346.298 GC heap before
{Heap before GC invocations=7678 (full 6):
 PSYoungGen      total 2048K, used 2019K [0x00000000d5580000, 0x00000000d5a80000, 0x0000000100000000)
  eden space 1536K, 99% used [0x00000000d5580000,0x00000000d56fffd0,0x00000000d5700000)
  from space 512K, 94% used [0x00000000d5980000,0x00000000d59f9028,0x00000000d5a00000)
  to   space 512K, 0% used [0x00000000d5a00000,0x00000000d5a00000,0x00000000d5a80000)
 ParOldGen       total 1142272K, used 1142095K [0x0000000080000000, 0x00000000c5b80000, 0x00000000d5580000)
  object space 1142272K, 99% used [0x0000000080000000,0x00000000c5b53f10,0x00000000c5b80000)
 Metaspace       used 98413K, committed 100288K, reserved 1179648K
  class space    used 11472K, committed 12352K, reserved 1048576K
}
Event: 17346.301 GC heap after
{Heap after GC invocations=7678 (full 6):
 PSYoungGen      total 2048K, used 320K [0x00000000d5580000, 0x00000000d5a80000, 0x0000000100000000)
  eden space 1536K, 0% used [0x00000000d5580000,0x00000000d5580000,0x00000000d5700000)
  from space 512K, 62% used [0x00000000d5a00000,0x00000000d5a50000,0x00000000d5a80000)
  to   space 512K, 0% used [0x00000000d5980000,0x00000000d5980000,0x00000000d5a00000)
 ParOldGen       total 1142272K, used 1142255K [0x0000000080000000, 0x00000000c5b80000, 0x00000000d5580000)
  object space 1142272K, 99% used [0x0000000080000000,0x00000000c5b7bf10,0x00000000c5b80000)
 Metaspace       used 98413K, committed 100288K, reserved 1179648K
  class space    used 11472K, committed 12352K, reserved 1048576K
}
Event: 17352.166 GC heap before
{Heap before GC invocations=7679 (full 6):
 PSYoungGen      total 2048K, used 1856K [0x00000000d5580000, 0x00000000d5a80000, 0x0000000100000000)
  eden space 1536K, 100% used [0x00000000d5580000,0x00000000d5700000,0x00000000d5700000)
  from space 512K, 62% used [0x00000000d5a00000,0x00000000d5a50000,0x00000000d5a80000)
  to   space 512K, 0% used [0x00000000d5980000,0x00000000d5980000,0x00000000d5a00000)
 ParOldGen       total 1142272K, used 1142255K [0x0000000080000000, 0x00000000c5b80000, 0x00000000d5580000)
  object space 1142272K, 99% used [0x0000000080000000,0x00000000c5b7bf10,0x00000000c5b80000)
 Metaspace       used 98423K, committed 100288K, reserved 1179648K
  class space    used 11472K, committed 12352K, reserved 1048576K
}
Event: 17352.186 GC heap after
{Heap after GC invocations=7679 (full 6):
 PSYoungGen      total 2048K, used 512K [0x00000000d5580000, 0x00000000d5a80000, 0x0000000100000000)
  eden space 1536K, 0% used [0x00000000d5580000,0x00000000d5580000,0x00000000d5700000)
  from space 512K, 100% used [0x00000000d5980000,0x00000000d5a00000,0x00000000d5a00000)
  to   space 512K, 0% used [0x00000000d5a00000,0x00000000d5a00000,0x00000000d5a80000)
 ParOldGen       total 1142784K, used 1142311K [0x0000000080000000, 0x00000000c5c00000, 0x00000000d5580000)
  object space 1142784K, 99% used [0x0000000080000000,0x00000000c5b89f10,0x00000000c5c00000)
 Metaspace       used 98423K, committed 100288K, reserved 1179648K
  class space    used 11472K, committed 12352K, reserved 1048576K
}
Event: 17352.220 GC heap before
{Heap before GC invocations=7680 (full 6):
 PSYoungGen      total 2048K, used 2048K [0x00000000d5580000, 0x00000000d5a80000, 0x0000000100000000)
  eden space 1536K, 100% used [0x00000000d5580000,0x00000000d5700000,0x00000000d5700000)
  from space 512K, 100% used [0x00000000d5980000,0x00000000d5a00000,0x00000000d5a00000)
  to   space 512K, 0% used [0x00000000d5a00000,0x00000000d5a00000,0x00000000d5a80000)
 ParOldGen       total 1142784K, used 1142311K [0x0000000080000000, 0x00000000c5c00000, 0x00000000d5580000)
  object space 1142784K, 99% used [0x0000000080000000,0x00000000c5b89f10,0x00000000c5c00000)
 Metaspace       used 98427K, committed 100288K, reserved 1179648K
  class space    used 11472K, committed 12352K, reserved 1048576K
}
Event: 17352.226 GC heap after
{Heap after GC invocations=7680 (full 6):
 PSYoungGen      total 2048K, used 192K [0x00000000d5580000, 0x00000000d5a80000, 0x0000000100000000)
  eden space 1536K, 0% used [0x00000000d5580000,0x00000000d5580000,0x00000000d5700000)
  from space 512K, 37% used [0x00000000d5a00000,0x00000000d5a30000,0x00000000d5a80000)
  to   space 512K, 0% used [0x00000000d5980000,0x00000000d5980000,0x00000000d5a00000)
 ParOldGen       total 1142784K, used 1142351K [0x0000000080000000, 0x00000000c5c00000, 0x00000000d5580000)
  object space 1142784K, 99% used [0x0000000080000000,0x00000000c5b93f10,0x00000000c5c00000)
 Metaspace       used 98427K, committed 100288K, reserved 1179648K
  class space    used 11472K, committed 12352K, reserved 1048576K
}
Event: 17359.100 GC heap before
{Heap before GC invocations=7681 (full 6):
 PSYoungGen      total 2048K, used 1727K [0x00000000d5580000, 0x00000000d5a80000, 0x0000000100000000)
  eden space 1536K, 99% used [0x00000000d5580000,0x00000000d56fffd8,0x00000000d5700000)
  from space 512K, 37% used [0x00000000d5a00000,0x00000000d5a30000,0x00000000d5a80000)
  to   space 512K, 0% used [0x00000000d5980000,0x00000000d5980000,0x00000000d5a00000)
 ParOldGen       total 1142784K, used 1142351K [0x0000000080000000, 0x00000000c5c00000, 0x00000000d5580000)
  object space 1142784K, 99% used [0x0000000080000000,0x00000000c5b93f10,0x00000000c5c00000)
 Metaspace       used 98436K, committed 100288K, reserved 1179648K
  class space    used 11472K, committed 12352K, reserved 1048576K
}
Event: 17359.105 GC heap after
{Heap after GC invocations=7681 (full 6):
 PSYoungGen      total 2048K, used 480K [0x00000000d5580000, 0x00000000d5a80000, 0x0000000100000000)
  eden space 1536K, 0% used [0x00000000d5580000,0x00000000d5580000,0x00000000d5700000)
  from space 512K, 93% used [0x00000000d5980000,0x00000000d59f8000,0x00000000d5a00000)
  to   space 512K, 0% used [0x00000000d5a00000,0x00000000d5a00000,0x00000000d5a80000)
 ParOldGen       total 1142784K, used 1142399K [0x0000000080000000, 0x00000000c5c00000, 0x00000000d5580000)
  object space 1142784K, 99% used [0x0000000080000000,0x00000000c5b9ff10,0x00000000c5c00000)
 Metaspace       used 98436K, committed 100288K, reserved 1179648K
  class space    used 11472K, committed 12352K, reserved 1048576K
}
Event: 17359.125 GC heap before
{Heap before GC invocations=7682 (full 6):
 PSYoungGen      total 2048K, used 2016K [0x00000000d5580000, 0x00000000d5a80000, 0x0000000100000000)
  eden space 1536K, 100% used [0x00000000d5580000,0x00000000d5700000,0x00000000d5700000)
  from space 512K, 93% used [0x00000000d5980000,0x00000000d59f8000,0x00000000d5a00000)
  to   space 512K, 0% used [0x00000000d5a00000,0x00000000d5a00000,0x00000000d5a80000)
 ParOldGen       total 1142784K, used 1142399K [0x0000000080000000, 0x00000000c5c00000, 0x00000000d5580000)
  object space 1142784K, 99% used [0x0000000080000000,0x00000000c5b9ff10,0x00000000c5c00000)
 Metaspace       used 98444K, committed 100288K, reserved 1179648K
  class space    used 11472K, committed 12352K, reserved 1048576K
}
Event: 17359.129 GC heap after
{Heap after GC invocations=7682 (full 6):
 PSYoungGen      total 2048K, used 128K [0x00000000d5580000, 0x00000000d5a80000, 0x0000000100000000)
  eden space 1536K, 0% used [0x00000000d5580000,0x00000000d5580000,0x00000000d5700000)
  from space 512K, 25% used [0x00000000d5a00000,0x00000000d5a20000,0x00000000d5a80000)
  to   space 512K, 0% used [0x00000000d5980000,0x00000000d5980000,0x00000000d5a00000)
 ParOldGen       total 1142784K, used 1142447K [0x0000000080000000, 0x00000000c5c00000, 0x00000000d5580000)
  object space 1142784K, 99% used [0x0000000080000000,0x00000000c5babf10,0x00000000c5c00000)
 Metaspace       used 98444K, committed 100288K, reserved 1179648K
  class space    used 11472K, committed 12352K, reserved 1048576K
}
Event: 17370.885 GC heap before
{Heap before GC invocations=7683 (full 6):
 PSYoungGen      total 2048K, used 1664K [0x00000000d5580000, 0x00000000d5a80000, 0x0000000100000000)
  eden space 1536K, 100% used [0x00000000d5580000,0x00000000d5700000,0x00000000d5700000)
  from space 512K, 25% used [0x00000000d5a00000,0x00000000d5a20000,0x00000000d5a80000)
  to   space 512K, 0% used [0x00000000d5980000,0x00000000d5980000,0x00000000d5a00000)
 ParOldGen       total 1142784K, used 1142447K [0x0000000080000000, 0x00000000c5c00000, 0x00000000d5580000)
  object space 1142784K, 99% used [0x0000000080000000,0x00000000c5babf10,0x00000000c5c00000)
 Metaspace       used 98453K, committed 100352K, reserved 1179648K
  class space    used 11472K, committed 12352K, reserved 1048576K
}
Event: 17370.892 GC heap after
{Heap after GC invocations=7683 (full 6):
 PSYoungGen      total 2048K, used 256K [0x00000000d5580000, 0x00000000d5a80000, 0x0000000100000000)
  eden space 1536K, 0% used [0x00000000d5580000,0x00000000d5580000,0x00000000d5700000)
  from space 512K, 50% used [0x00000000d5980000,0x00000000d59c0000,0x00000000d5a00000)
  to   space 512K, 0% used [0x00000000d5a00000,0x00000000d5a00000,0x00000000d5a80000)
 ParOldGen       total 1142784K, used 1142471K [0x0000000080000000, 0x00000000c5c00000, 0x00000000d5580000)
  object space 1142784K, 99% used [0x0000000080000000,0x00000000c5bb1f10,0x00000000c5c00000)
 Metaspace       used 98453K, committed 100352K, reserved 1179648K
  class space    used 11472K, committed 12352K, reserved 1048576K
}
Event: 17370.905 GC heap before
{Heap before GC invocations=7684 (full 6):
 PSYoungGen      total 2048K, used 1792K [0x00000000d5580000, 0x00000000d5a80000, 0x0000000100000000)
  eden space 1536K, 100% used [0x00000000d5580000,0x00000000d5700000,0x00000000d5700000)
  from space 512K, 50% used [0x00000000d5980000,0x00000000d59c0000,0x00000000d5a00000)
  to   space 512K, 0% used [0x00000000d5a00000,0x00000000d5a00000,0x00000000d5a80000)
 ParOldGen       total 1142784K, used 1142471K [0x0000000080000000, 0x00000000c5c00000, 0x00000000d5580000)
  object space 1142784K, 99% used [0x0000000080000000,0x00000000c5bb1f10,0x00000000c5c00000)
 Metaspace       used 98454K, committed 100352K, reserved 1179648K
  class space    used 11472K, committed 12352K, reserved 1048576K
}
Event: 17370.914 GC heap after
{Heap after GC invocations=7684 (full 6):
 PSYoungGen      total 2048K, used 481K [0x00000000d5580000, 0x00000000d5a80000, 0x0000000100000000)
  eden space 1536K, 0% used [0x00000000d5580000,0x00000000d5580000,0x00000000d5700000)
  from space 512K, 94% used [0x00000000d5a00000,0x00000000d5a78568,0x00000000d5a80000)
  to   space 1024K, 0% used [0x00000000d5880000,0x00000000d5880000,0x00000000d5980000)
 ParOldGen       total 1142784K, used 1142589K [0x0000000080000000, 0x00000000c5c00000, 0x00000000d5580000)
  object space 1142784K, 99% used [0x0000000080000000,0x00000000c5bcf520,0x00000000c5c00000)
 Metaspace       used 98454K, committed 100352K, reserved 1179648K
  class space    used 11472K, committed 12352K, reserved 1048576K
}

